[2022-10-19T21:28:04.783Z] Log level: Info
[2022-10-19T21:28:04.784Z] [info] Validating found git in: git
[2022-10-19T21:28:04.791Z] [info] Using git 2.38.1 from git
[2022-10-19T21:28:04.812Z] > git rev-parse --show-toplevel [12ms]
[2022-10-19T21:28:04.820Z] > git rev-parse --git-dir --git-common-dir [3ms]
[2022-10-19T21:28:04.824Z] [info] Open repository: /home/dblock/GitHub/School
[2022-10-19T21:28:04.846Z] > git status -z -uall [16ms]
[2022-10-19T21:28:04.856Z] > git symbolic-ref --short HEAD [6ms]
[2022-10-19T21:28:04.862Z] > git for-each-ref --format=%(refname)%00%(upstream:short)%00%(objectname)%00%(upstream:track)%00%(upstream:remotename)%00%(upstream:remoteref) refs/heads/main refs/remotes/main [2ms]
[2022-10-19T21:28:04.871Z] > git remote --verbose [1ms]
[2022-10-19T21:28:04.872Z] > git for-each-ref --sort -committerdate --format %(refname) %(objectname) %(*objectname) [6ms]
[2022-10-19T21:28:04.883Z] > git config --get commit.template [1ms]
[2022-10-19T21:28:04.889Z] > git status -z -uall [2ms]
[2022-10-19T21:28:04.893Z] > git symbolic-ref --short HEAD [0ms]
[2022-10-19T21:28:04.898Z] > git for-each-ref --format=%(refname)%00%(upstream:short)%00%(objectname)%00%(upstream:track)%00%(upstream:remotename)%00%(upstream:remoteref) refs/heads/main refs/remotes/main [1ms]
[2022-10-19T21:28:04.907Z] > git for-each-ref --sort -committerdate --format %(refname) %(objectname) %(*objectname) [5ms]
[2022-10-19T21:28:04.908Z] > git remote --verbose [3ms]
[2022-10-19T21:28:04.915Z] > git config --get commit.template [1ms]
[2022-10-19T21:28:05.351Z] > git check-ignore -v -z --stdin [1ms]
[2022-10-19T21:28:07.178Z] > git show --textconv :sem1/math340/Homework/Instructions/Homework 7.tex [7ms]
[2022-10-19T21:28:07.178Z] > git ls-files --stage -- /home/dblock/GitHub/School/sem1/math340/Homework/Instructions/Homework 7.tex [2ms]
[2022-10-19T21:28:07.184Z] > git cat-file -s 59e2016348b6b3e65c279cdf947d30b14e886940 [1ms]
[2022-10-19T21:28:10.387Z] > git check-ignore -v -z --stdin [0ms]
[2022-10-19T21:28:10.905Z] > git status -z -uall [3ms]
[2022-10-19T21:28:10.909Z] > git symbolic-ref --short HEAD [0ms]
[2022-10-19T21:28:10.914Z] > git for-each-ref --format=%(refname)%00%(upstream:short)%00%(objectname)%00%(upstream:track)%00%(upstream:remotename)%00%(upstream:remoteref) refs/heads/main refs/remotes/main [1ms]
[2022-10-19T21:28:10.922Z] > git for-each-ref --sort -committerdate --format %(refname) %(objectname) %(*objectname) [5ms]
[2022-10-19T21:28:10.922Z] > git remote --verbose [1ms]
[2022-10-19T21:28:10.929Z] > git config --get commit.template [1ms]
[2022-10-19T21:28:17.888Z] > git show --textconv :sem1/math340/Homework/Instructions/Homework 7.tex [5ms]
[2022-10-19T21:28:17.888Z] > git ls-files --stage -- /home/dblock/GitHub/School/sem1/math340/Homework/Instructions/Homework 7.tex [1ms]
[2022-10-19T21:28:17.892Z] > git cat-file -s 59e2016348b6b3e65c279cdf947d30b14e886940 [1ms]
[2022-10-19T21:28:28.217Z] > git status -z -uall [3ms]
[2022-10-19T21:28:28.223Z] > git symbolic-ref --short HEAD [1ms]
[2022-10-19T21:28:28.229Z] > git for-each-ref --format=%(refname)%00%(upstream:short)%00%(objectname)%00%(upstream:track)%00%(upstream:remotename)%00%(upstream:remoteref) refs/heads/main refs/remotes/main [1ms]
[2022-10-19T21:28:28.238Z] > git remote --verbose [1ms]
[2022-10-19T21:28:28.238Z] > git for-each-ref --sort -committerdate --format %(refname) %(objectname) %(*objectname) [5ms]
[2022-10-19T21:28:28.252Z] > git config --get commit.template [3ms]
[2022-10-19T21:28:33.261Z] > git status -z -uall [3ms]
[2022-10-19T21:28:33.265Z] > git symbolic-ref --short HEAD [1ms]
[2022-10-19T21:28:33.269Z] > git for-each-ref --format=%(refname)%00%(upstream:short)%00%(objectname)%00%(upstream:track)%00%(upstream:remotename)%00%(upstream:remoteref) refs/heads/main refs/remotes/main [1ms]
[2022-10-19T21:28:33.276Z] > git for-each-ref --sort -committerdate --format %(refname) %(objectname) %(*objectname) [4ms]
[2022-10-19T21:28:33.276Z] > git remote --verbose [1ms]
[2022-10-19T21:28:33.288Z] > git config --get commit.template [1ms]
[2022-10-19T21:28:39.865Z] > git ls-files --stage -- /home/dblock/GitHub/School/sem1/math340/Homework/Instructions/Homework 1.tex [1ms]
[2022-10-19T21:28:39.868Z] > git show --textconv :sem1/math340/Homework/Instructions/Homework 1.tex [8ms]
[2022-10-19T21:28:39.869Z] > git cat-file -s 2f116f78499f819246aa1c64f44004322fbafa1d [1ms]
