ReadyRc files read:
  NONE
Latexmk: This is Latexmk, John Collins, 17 Mar. 2022. Version 4.77, version: 4.77.
Latexmk: applying rule 'pdflatex'...
Rule 'pdflatex': File changes, etc:
   Changed files, or newly in use since previous run(s):
  /home/dblock/GitHub/School/sem1/math340/Homework/Instructions/Homework 7.tex
Rule 'pdflatex': The following rules & subrules became out-of-date:
  pdflatex
------------
Run number 1 of rule 'pdflatex'
------------
------------
Running 'pdflatex  -synctex=1 -interaction=nonstopmode -file-line-error -recorder  "/home/dblock/GitHub/School/sem1/math340/Homework/Instructions/Homework 7.tex"'
------------
This is pdfTeX, Version 3.141592653-2.6-1.40.24 (TeX Live 2022/Arch Linux) (preloaded format=pdflatex)
 restricted \write18 enabled.
entering extended mode
(/home/dblock/GitHub/School/sem1/math340/Homework/Instructions/Homework 7.tex
LaTeX2e <2021-11-15> patch level 1
L3 programming layer <2022-04-10> (/usr/share/texmf-dist/tex/latex/base/article.cls
Document Class: article 2021/10/04 v1.4n Standard LaTeX document class
(/usr/share/texmf-dist/tex/latex/base/size10.clo)) (/usr/share/texmf-dist/tex/latex/hyperref/hyperref.sty (/usr/share/texmf-dist/tex/generic/ltxcmds/ltxcmds.sty) (/usr/share/texmf-dist/tex/generic/iftex/iftex.sty) (/usr/share/texmf-dist/tex/generic/pdftexcmds/pdftexcmds.sty (/usr/share/texmf-dist/tex/generic/infwarerr/infwarerr.sty)) (/usr/share/texmf-dist/tex/latex/graphics/keyval.sty) (/usr/share/texmf-dist/tex/generic/kvsetkeys/kvsetkeys.sty) (/usr/share/texmf-dist/tex/generic/kvdefinekeys/kvdefinekeys.sty) (/usr/share/texmf-dist/tex/generic/pdfescape/pdfescape.sty) (/usr/share/texmf-dist/tex/latex/hycolor/hycolor.sty) (/usr/share/texmf-dist/tex/latex/letltxmacro/letltxmacro.sty) (/usr/share/texmf-dist/tex/latex/auxhook/auxhook.sty) (/usr/share/texmf-dist/tex/latex/kvoptions/kvoptions.sty) (/usr/share/texmf-dist/tex/latex/hyperref/pd1enc.def) (/usr/share/texmf-dist/tex/generic/intcalc/intcalc.sty) (/usr/share/texmf-dist/tex/generic/etexcmds/etexcmds.sty) (/usr/share/texmf-dist/tex/latex/hyperref/puenc.def) (/usr/share/texmf-dist/tex/latex/url/url.sty) (/usr/share/texmf-dist/tex/generic/bitset/bitset.sty (/usr/share/texmf-dist/tex/generic/bigintcalc/bigintcalc.sty)) (/usr/share/texmf-dist/tex/latex/base/atbegshi-ltx.sty)) (/usr/share/texmf-dist/tex/latex/hyperref/hpdftex.def (/usr/share/texmf-dist/tex/latex/base/atveryend-ltx.sty) (/usr/share/texmf-dist/tex/latex/rerunfilecheck/rerunfilecheck.sty (/usr/share/texmf-dist/tex/generic/uniquecounter/uniquecounter.sty))) (/usr/share/texmf-dist/tex/latex/amsmath/amsmath.sty
For additional information on amsmath, use the `?' option.
(/usr/share/texmf-dist/tex/latex/amsmath/amstext.sty (/usr/share/texmf-dist/tex/latex/amsmath/amsgen.sty)) (/usr/share/texmf-dist/tex/latex/amsmath/amsbsy.sty) (/usr/share/texmf-dist/tex/latex/amsmath/amsopn.sty)) (/usr/share/texmf-dist/tex/latex/amscls/amsthm.sty) (/usr/share/texmf-dist/tex/latex/amsfonts/amsfonts.sty) (/usr/share/texmf-dist/tex/latex/etoolbox/etoolbox.sty) (/usr/share/texmf-dist/tex/latex/amsmath/amscd.sty) (/usr/share/texmf-dist/tex/latex/base/flafter.sty) (/usr/share/texmf-dist/tex/generic/epsf/epsf.sty
This is `epsf.tex' v2.7.4 <14 February 2011>
) (/usr/share/texmf-dist/tex/latex/amsfonts/amssymb.sty) (/usr/share/texmf-dist/tex/latex/wasysym/wasysym.sty) (/usr/share/texmf-dist/tex/latex/graphics/graphicx.sty (/usr/share/texmf-dist/tex/latex/graphics/graphics.sty (/usr/share/texmf-dist/tex/latex/graphics/trig.sty) (/usr/share/texmf-dist/tex/latex/graphics-cfg/graphics.cfg) (/usr/share/texmf-dist/tex/latex/graphics-def/pdftex.def))) (/usr/share/texmf-dist/tex/latex/paralist/paralist.sty) (/usr/share/texmf-dist/tex/latex/oberdiek/centernot.sty) (/usr/share/texmf-dist/tex/latex/pgf/frontendlayer/tikz.sty (/usr/share/texmf-dist/tex/latex/pgf/basiclayer/pgf.sty (/usr/share/texmf-dist/tex/latex/pgf/utilities/pgfrcs.sty (/usr/share/texmf-dist/tex/generic/pgf/utilities/pgfutil-common.tex (/usr/share/texmf-dist/tex/generic/pgf/utilities/pgfutil-common-lists.tex)) (/usr/share/texmf-dist/tex/generic/pgf/utilities/pgfutil-latex.def) (/usr/share/texmf-dist/tex/generic/pgf/utilities/pgfrcs.code.tex (/usr/share/texmf-dist/tex/generic/pgf/pgf.revision.tex))) (/usr/share/texmf-dist/tex/latex/pgf/basiclayer/pgfcore.sty (/usr/share/texmf-dist/tex/latex/pgf/systemlayer/pgfsys.sty (/usr/share/texmf-dist/tex/generic/pgf/systemlayer/pgfsys.code.tex (/usr/share/texmf-dist/tex/generic/pgf/utilities/pgfkeys.code.tex (/usr/share/texmf-dist/tex/generic/pgf/utilities/pgfkeysfiltered.code.tex)) (/usr/share/texmf-dist/tex/generic/pgf/systemlayer/pgf.cfg) (/usr/share/texmf-dist/tex/generic/pgf/systemlayer/pgfsys-pdftex.def (/usr/share/texmf-dist/tex/generic/pgf/systemlayer/pgfsys-common-pdf.def))) (/usr/share/texmf-dist/tex/generic/pgf/systemlayer/pgfsyssoftpath.code.tex) (/usr/share/texmf-dist/tex/generic/pgf/systemlayer/pgfsysprotocol.code.tex)) (/usr/share/texmf-dist/tex/latex/xcolor/xcolor.sty (/usr/share/texmf-dist/tex/latex/graphics-cfg/color.cfg)) (/usr/share/texmf-dist/tex/generic/pgf/basiclayer/pgfcore.code.tex (/usr/share/texmf-dist/tex/generic/pgf/math/pgfmath.code.tex (/usr/share/texmf-dist/tex/generic/pgf/math/pgfmathcalc.code.tex (/usr/share/texmf-dist/tex/generic/pgf/math/pgfmathutil.code.tex) (/usr/share/texmf-dist/tex/generic/pgf/math/pgfmathparser.code.tex) (/usr/share/texmf-dist/tex/generic/pgf/math/pgfmathfunctions.code.tex (/usr/share/texmf-dist/tex/generic/pgf/math/pgfmathfunctions.basic.code.tex) (/usr/share/texmf-dist/tex/generic/pgf/math/pgfmathfunctions.trigonometric.code.tex) (/usr/share/texmf-dist/tex/generic/pgf/math/pgfmathfunctions.random.code.tex) (/usr/share/texmf-dist/tex/generic/pgf/math/pgfmathfunctions.comparison.code.tex) (/usr/share/texmf-dist/tex/generic/pgf/math/pgfmathfunctions.base.code.tex) (/usr/share/texmf-dist/tex/generic/pgf/math/pgfmathfunctions.round.code.tex) (/usr/share/texmf-dist/tex/generic/pgf/math/pgfmathfunctions.misc.code.tex) (/usr/share/texmf-dist/tex/generic/pgf/math/pgfmathfunctions.integerarithmetics.code.tex))) (/usr/share/texmf-dist/tex/generic/pgf/math/pgfmathfloat.code.tex)) (/usr/share/texmf-dist/tex/generic/pgf/math/pgfint.code.tex) (/usr/share/texmf-dist/tex/generic/pgf/basiclayer/pgfcorepoints.code.tex) (/usr/share/texmf-dist/tex/generic/pgf/basiclayer/pgfcorepathconstruct.code.tex) (/usr/share/texmf-dist/tex/generic/pgf/basiclayer/pgfcorepathusage.code.tex) (/usr/share/texmf-dist/tex/generic/pgf/basiclayer/pgfcorescopes.code.tex) (/usr/share/texmf-dist/tex/generic/pgf/basiclayer/pgfcoregraphicstate.code.tex) (/usr/share/texmf-dist/tex/generic/pgf/basiclayer/pgfcoretransformations.code.tex) (/usr/share/texmf-dist/tex/generic/pgf/basiclayer/pgfcorequick.code.tex) (/usr/share/texmf-dist/tex/generic/pgf/basiclayer/pgfcoreobjects.code.tex) (/usr/share/texmf-dist/tex/generic/pgf/basiclayer/pgfcorepathprocessing.code.tex) (/usr/share/texmf-dist/tex/generic/pgf/basiclayer/pgfcorearrows.code.tex) (/usr/share/texmf-dist/tex/generic/pgf/basiclayer/pgfcoreshade.code.tex) (/usr/share/texmf-dist/tex/generic/pgf/basiclayer/pgfcoreimage.code.tex (/usr/share/texmf-dist/tex/generic/pgf/basiclayer/pgfcoreexternal.code.tex)) (/usr/share/texmf-dist/tex/generic/pgf/basiclayer/pgfcorelayers.code.tex) (/usr/share/texmf-dist/tex/generic/pgf/basiclayer/pgfcoretransparency.code.tex) (/usr/share/texmf-dist/tex/generic/pgf/basiclayer/pgfcorepatterns.code.tex) (/usr/share/texmf-dist/tex/generic/pgf/basiclayer/pgfcorerdf.code.tex))) (/usr/share/texmf-dist/tex/generic/pgf/modules/pgfmoduleshapes.code.tex) (/usr/share/texmf-dist/tex/generic/pgf/modules/pgfmoduleplot.code.tex) (/usr/share/texmf-dist/tex/latex/pgf/compatibility/pgfcomp-version-0-65.sty) (/usr/share/texmf-dist/tex/latex/pgf/compatibility/pgfcomp-version-1-18.sty)) (/usr/share/texmf-dist/tex/latex/pgf/utilities/pgffor.sty (/usr/share/texmf-dist/tex/latex/pgf/utilities/pgfkeys.sty (/usr/share/texmf-dist/tex/generic/pgf/utilities/pgfkeys.code.tex)) (/usr/share/texmf-dist/tex/latex/pgf/math/pgfmath.sty (/usr/share/texmf-dist/tex/generic/pgf/math/pgfmath.code.tex)) (/usr/share/texmf-dist/tex/generic/pgf/utilities/pgffor.code.tex (/usr/share/texmf-dist/tex/generic/pgf/math/pgfmath.code.tex))) (/usr/share/texmf-dist/tex/generic/pgf/frontendlayer/tikz/tikz.code.tex (/usr/share/texmf-dist/tex/generic/pgf/libraries/pgflibraryplothandlers.code.tex) (/usr/share/texmf-dist/tex/generic/pgf/modules/pgfmodulematrix.code.tex) (/usr/share/texmf-dist/tex/generic/pgf/frontendlayer/tikz/libraries/tikzlibrarytopaths.code.tex))) (/usr/share/texmf-dist/tex/latex/l3backend/l3backend-pdftex.def) (./Homework 7.aux) (/usr/share/texmf-dist/tex/latex/hyperref/nameref.sty (/usr/share/texmf-dist/tex/latex/refcount/refcount.sty) (/usr/share/texmf-dist/tex/generic/gettitlestring/gettitlestring.sty)) (/usr/share/texmf-dist/tex/context/base/mkii/supp-pdf.mkii
[Loading MPS to PDF converter (version 2006.09.02).]
) (/usr/share/texmf-dist/tex/latex/epstopdf-pkg/epstopdf-base.sty (/usr/share/texmf-dist/tex/latex/latexconfig/epstopdf-sys.cfg)) (/usr/share/texmf-dist/tex/latex/amsfonts/umsa.fd) (/usr/share/texmf-dist/tex/latex/amsfonts/umsb.fd) (/usr/share/texmf-dist/tex/latex/wasysym/uwasy.fd)
Underfull \hbox (badness 10000) in paragraph at lines 85--86


Underfull \hbox (badness 10000) in paragraph at lines 92--93


Underfull \hbox (badness 10000) in paragraph at lines 96--97

[1{/var/lib/texmf/fonts/map/pdftex/updmap/pdftex.map}] [2] (./Homework 7.aux)

Package rerunfilecheck Warning: File `"Homework 7".out' has changed.
(rerunfilecheck)                Rerun to get outlines right
(rerunfilecheck)                or use package `bookmark'.

 )
(see the transcript file for additional information)</usr/share/texmf-dist/fonts/type1/public/amsfonts/cm/cmbx10.pfb></usr/share/texmf-dist/fonts/type1/public/amsfonts/cm/cmmi10.pfb></usr/share/texmf-dist/fonts/type1/public/amsfonts/cm/cmmi7.pfb></usr/share/texmf-dist/fonts/type1/public/amsfonts/cm/cmr10.pfb></usr/share/texmf-dist/fonts/type1/public/amsfonts/cm/cmr12.pfb></usr/share/texmf-dist/fonts/type1/public/amsfonts/cm/cmr17.pfb></usr/share/texmf-dist/fonts/type1/public/amsfonts/cm/cmr7.pfb></usr/share/texmf-dist/fonts/type1/public/amsfonts/cm/cmsy10.pfb></usr/share/texmf-dist/fonts/type1/public/amsfonts/cm/cmsy7.pfb></usr/share/texmf-dist/fonts/type1/public/amsfonts/symbols/msbm10.pfb>
Output written on "Homework 7.pdf" (2 pages, 109208 bytes).
SyncTeX written on "Homework 7.synctex.gz"
Transcript written on "Homework 7.log".
Latexmk: Getting log file 'Homework 7.log'
Latexmk: Examining 'Homework 7.fls'
Latexmk: Examining 'Homework 7.log'
Latexmk: References changed.
Latexmk: Log file says output to 'Homework 7.pdf'
Latexmk: applying rule 'pdflatex'...
Rule 'pdflatex': File changes, etc:
   Changed files, or newly in use since previous run(s):
  Homework 7.aux
Rule 'pdflatex': The following rules & subrules became out-of-date:
  pdflatex
------------
Run number 2 of rule 'pdflatex'
------------
------------
Running 'pdflatex  -synctex=1 -interaction=nonstopmode -file-line-error -recorder  "/home/dblock/GitHub/School/sem1/math340/Homework/Instructions/Homework 7.tex"'
------------
This is pdfTeX, Version 3.141592653-2.6-1.40.24 (TeX Live 2022/Arch Linux) (preloaded format=pdflatex)
 restricted \write18 enabled.
entering extended mode
(/home/dblock/GitHub/School/sem1/math340/Homework/Instructions/Homework 7.tex
LaTeX2e <2021-11-15> patch level 1
L3 programming layer <2022-04-10> (/usr/share/texmf-dist/tex/latex/base/article.cls
Document Class: article 2021/10/04 v1.4n Standard LaTeX document class
(/usr/share/texmf-dist/tex/latex/base/size10.clo)) (/usr/share/texmf-dist/tex/latex/hyperref/hyperref.sty (/usr/share/texmf-dist/tex/generic/ltxcmds/ltxcmds.sty) (/usr/share/texmf-dist/tex/generic/iftex/iftex.sty) (/usr/share/texmf-dist/tex/generic/pdftexcmds/pdftexcmds.sty (/usr/share/texmf-dist/tex/generic/infwarerr/infwarerr.sty)) (/usr/share/texmf-dist/tex/latex/graphics/keyval.sty) (/usr/share/texmf-dist/tex/generic/kvsetkeys/kvsetkeys.sty) (/usr/share/texmf-dist/tex/generic/kvdefinekeys/kvdefinekeys.sty) (/usr/share/texmf-dist/tex/generic/pdfescape/pdfescape.sty) (/usr/share/texmf-dist/tex/latex/hycolor/hycolor.sty) (/usr/share/texmf-dist/tex/latex/letltxmacro/letltxmacro.sty) (/usr/share/texmf-dist/tex/latex/auxhook/auxhook.sty) (/usr/share/texmf-dist/tex/latex/kvoptions/kvoptions.sty) (/usr/share/texmf-dist/tex/latex/hyperref/pd1enc.def) (/usr/share/texmf-dist/tex/generic/intcalc/intcalc.sty) (/usr/share/texmf-dist/tex/generic/etexcmds/etexcmds.sty) (/usr/share/texmf-dist/tex/latex/hyperref/puenc.def) (/usr/share/texmf-dist/tex/latex/url/url.sty) (/usr/share/texmf-dist/tex/generic/bitset/bitset.sty (/usr/share/texmf-dist/tex/generic/bigintcalc/bigintcalc.sty)) (/usr/share/texmf-dist/tex/latex/base/atbegshi-ltx.sty)) (/usr/share/texmf-dist/tex/latex/hyperref/hpdftex.def (/usr/share/texmf-dist/tex/latex/base/atveryend-ltx.sty) (/usr/share/texmf-dist/tex/latex/rerunfilecheck/rerunfilecheck.sty (/usr/share/texmf-dist/tex/generic/uniquecounter/uniquecounter.sty))) (/usr/share/texmf-dist/tex/latex/amsmath/amsmath.sty
For additional information on amsmath, use the `?' option.
(/usr/share/texmf-dist/tex/latex/amsmath/amstext.sty (/usr/share/texmf-dist/tex/latex/amsmath/amsgen.sty)) (/usr/share/texmf-dist/tex/latex/amsmath/amsbsy.sty) (/usr/share/texmf-dist/tex/latex/amsmath/amsopn.sty)) (/usr/share/texmf-dist/tex/latex/amscls/amsthm.sty) (/usr/share/texmf-dist/tex/latex/amsfonts/amsfonts.sty) (/usr/share/texmf-dist/tex/latex/etoolbox/etoolbox.sty) (/usr/share/texmf-dist/tex/latex/amsmath/amscd.sty) (/usr/share/texmf-dist/tex/latex/base/flafter.sty) (/usr/share/texmf-dist/tex/generic/epsf/epsf.sty
This is `epsf.tex' v2.7.4 <14 February 2011>
) (/usr/share/texmf-dist/tex/latex/amsfonts/amssymb.sty) (/usr/share/texmf-dist/tex/latex/wasysym/wasysym.sty) (/usr/share/texmf-dist/tex/latex/graphics/graphicx.sty (/usr/share/texmf-dist/tex/latex/graphics/graphics.sty (/usr/share/texmf-dist/tex/latex/graphics/trig.sty) (/usr/share/texmf-dist/tex/latex/graphics-cfg/graphics.cfg) (/usr/share/texmf-dist/tex/latex/graphics-def/pdftex.def))) (/usr/share/texmf-dist/tex/latex/paralist/paralist.sty) (/usr/share/texmf-dist/tex/latex/oberdiek/centernot.sty) (/usr/share/texmf-dist/tex/latex/pgf/frontendlayer/tikz.sty (/usr/share/texmf-dist/tex/latex/pgf/basiclayer/pgf.sty (/usr/share/texmf-dist/tex/latex/pgf/utilities/pgfrcs.sty (/usr/share/texmf-dist/tex/generic/pgf/utilities/pgfutil-common.tex (/usr/share/texmf-dist/tex/generic/pgf/utilities/pgfutil-common-lists.tex)) (/usr/share/texmf-dist/tex/generic/pgf/utilities/pgfutil-latex.def) (/usr/share/texmf-dist/tex/generic/pgf/utilities/pgfrcs.code.tex (/usr/share/texmf-dist/tex/generic/pgf/pgf.revision.tex))) (/usr/share/texmf-dist/tex/latex/pgf/basiclayer/pgfcore.sty (/usr/share/texmf-dist/tex/latex/pgf/systemlayer/pgfsys.sty (/usr/share/texmf-dist/tex/generic/pgf/systemlayer/pgfsys.code.tex (/usr/share/texmf-dist/tex/generic/pgf/utilities/pgfkeys.code.tex (/usr/share/texmf-dist/tex/generic/pgf/utilities/pgfkeysfiltered.code.tex)) (/usr/share/texmf-dist/tex/generic/pgf/systemlayer/pgf.cfg) (/usr/share/texmf-dist/tex/generic/pgf/systemlayer/pgfsys-pdftex.def (/usr/share/texmf-dist/tex/generic/pgf/systemlayer/pgfsys-common-pdf.def))) (/usr/share/texmf-dist/tex/generic/pgf/systemlayer/pgfsyssoftpath.code.tex) (/usr/share/texmf-dist/tex/generic/pgf/systemlayer/pgfsysprotocol.code.tex)) (/usr/share/texmf-dist/tex/latex/xcolor/xcolor.sty (/usr/share/texmf-dist/tex/latex/graphics-cfg/color.cfg)) (/usr/share/texmf-dist/tex/generic/pgf/basiclayer/pgfcore.code.tex (/usr/share/texmf-dist/tex/generic/pgf/math/pgfmath.code.tex (/usr/share/texmf-dist/tex/generic/pgf/math/pgfmathcalc.code.tex (/usr/share/texmf-dist/tex/generic/pgf/math/pgfmathutil.code.tex) (/usr/share/texmf-dist/tex/generic/pgf/math/pgfmathparser.code.tex) (/usr/share/texmf-dist/tex/generic/pgf/math/pgfmathfunctions.code.tex (/usr/share/texmf-dist/tex/generic/pgf/math/pgfmathfunctions.basic.code.tex) (/usr/share/texmf-dist/tex/generic/pgf/math/pgfmathfunctions.trigonometric.code.tex) (/usr/share/texmf-dist/tex/generic/pgf/math/pgfmathfunctions.random.code.tex) (/usr/share/texmf-dist/tex/generic/pgf/math/pgfmathfunctions.comparison.code.tex) (/usr/share/texmf-dist/tex/generic/pgf/math/pgfmathfunctions.base.code.tex) (/usr/share/texmf-dist/tex/generic/pgf/math/pgfmathfunctions.round.code.tex) (/usr/share/texmf-dist/tex/generic/pgf/math/pgfmathfunctions.misc.code.tex) (/usr/share/texmf-dist/tex/generic/pgf/math/pgfmathfunctions.integerarithmetics.code.tex))) (/usr/share/texmf-dist/tex/generic/pgf/math/pgfmathfloat.code.tex)) (/usr/share/texmf-dist/tex/generic/pgf/math/pgfint.code.tex) (/usr/share/texmf-dist/tex/generic/pgf/basiclayer/pgfcorepoints.code.tex) (/usr/share/texmf-dist/tex/generic/pgf/basiclayer/pgfcorepathconstruct.code.tex) (/usr/share/texmf-dist/tex/generic/pgf/basiclayer/pgfcorepathusage.code.tex) (/usr/share/texmf-dist/tex/generic/pgf/basiclayer/pgfcorescopes.code.tex) (/usr/share/texmf-dist/tex/generic/pgf/basiclayer/pgfcoregraphicstate.code.tex) (/usr/share/texmf-dist/tex/generic/pgf/basiclayer/pgfcoretransformations.code.tex) (/usr/share/texmf-dist/tex/generic/pgf/basiclayer/pgfcorequick.code.tex) (/usr/share/texmf-dist/tex/generic/pgf/basiclayer/pgfcoreobjects.code.tex) (/usr/share/texmf-dist/tex/generic/pgf/basiclayer/pgfcorepathprocessing.code.tex) (/usr/share/texmf-dist/tex/generic/pgf/basiclayer/pgfcorearrows.code.tex) (/usr/share/texmf-dist/tex/generic/pgf/basiclayer/pgfcoreshade.code.tex) (/usr/share/texmf-dist/tex/generic/pgf/basiclayer/pgfcoreimage.code.tex (/usr/share/texmf-dist/tex/generic/pgf/basiclayer/pgfcoreexternal.code.tex)) (/usr/share/texmf-dist/tex/generic/pgf/basiclayer/pgfcorelayers.code.tex) (/usr/share/texmf-dist/tex/generic/pgf/basiclayer/pgfcoretransparency.code.tex) (/usr/share/texmf-dist/tex/generic/pgf/basiclayer/pgfcorepatterns.code.tex) (/usr/share/texmf-dist/tex/generic/pgf/basiclayer/pgfcorerdf.code.tex))) (/usr/share/texmf-dist/tex/generic/pgf/modules/pgfmoduleshapes.code.tex) (/usr/share/texmf-dist/tex/generic/pgf/modules/pgfmoduleplot.code.tex) (/usr/share/texmf-dist/tex/latex/pgf/compatibility/pgfcomp-version-0-65.sty) (/usr/share/texmf-dist/tex/latex/pgf/compatibility/pgfcomp-version-1-18.sty)) (/usr/share/texmf-dist/tex/latex/pgf/utilities/pgffor.sty (/usr/share/texmf-dist/tex/latex/pgf/utilities/pgfkeys.sty (/usr/share/texmf-dist/tex/generic/pgf/utilities/pgfkeys.code.tex)) (/usr/share/texmf-dist/tex/latex/pgf/math/pgfmath.sty (/usr/share/texmf-dist/tex/generic/pgf/math/pgfmath.code.tex)) (/usr/share/texmf-dist/tex/generic/pgf/utilities/pgffor.code.tex (/usr/share/texmf-dist/tex/generic/pgf/math/pgfmath.code.tex))) (/usr/share/texmf-dist/tex/generic/pgf/frontendlayer/tikz/tikz.code.tex (/usr/share/texmf-dist/tex/generic/pgf/libraries/pgflibraryplothandlers.code.tex) (/usr/share/texmf-dist/tex/generic/pgf/modules/pgfmodulematrix.code.tex) (/usr/share/texmf-dist/tex/generic/pgf/frontendlayer/tikz/libraries/tikzlibrarytopaths.code.tex))) (/usr/share/texmf-dist/tex/latex/l3backend/l3backend-pdftex.def) (./Homework 7.aux) (/usr/share/texmf-dist/tex/latex/hyperref/nameref.sty (/usr/share/texmf-dist/tex/latex/refcount/refcount.sty) (/usr/share/texmf-dist/tex/generic/gettitlestring/gettitlestring.sty)) (./Homework 7.out) (./Homework 7.out) (/usr/share/texmf-dist/tex/context/base/mkii/supp-pdf.mkii
[Loading MPS to PDF converter (version 2006.09.02).]
) (/usr/share/texmf-dist/tex/latex/epstopdf-pkg/epstopdf-base.sty (/usr/share/texmf-dist/tex/latex/latexconfig/epstopdf-sys.cfg)) (/usr/share/texmf-dist/tex/latex/amsfonts/umsa.fd) (/usr/share/texmf-dist/tex/latex/amsfonts/umsb.fd) (/usr/share/texmf-dist/tex/latex/wasysym/uwasy.fd)
Underfull \hbox (badness 10000) in paragraph at lines 85--86


Underfull \hbox (badness 10000) in paragraph at lines 92--93


Underfull \hbox (badness 10000) in paragraph at lines 96--97

[1{/var/lib/texmf/fonts/map/pdftex/updmap/pdftex.map}] [2] (./Homework 7.aux) )
(see the transcript file for additional information)</usr/share/texmf-dist/fonts/type1/public/amsfonts/cm/cmbx10.pfb></usr/share/texmf-dist/fonts/type1/public/amsfonts/cm/cmmi10.pfb></usr/share/texmf-dist/fonts/type1/public/amsfonts/cm/cmmi7.pfb></usr/share/texmf-dist/fonts/type1/public/amsfonts/cm/cmr10.pfb></usr/share/texmf-dist/fonts/type1/public/amsfonts/cm/cmr12.pfb></usr/share/texmf-dist/fonts/type1/public/amsfonts/cm/cmr17.pfb></usr/share/texmf-dist/fonts/type1/public/amsfonts/cm/cmr7.pfb></usr/share/texmf-dist/fonts/type1/public/amsfonts/cm/cmsy10.pfb></usr/share/texmf-dist/fonts/type1/public/amsfonts/cm/cmsy7.pfb></usr/share/texmf-dist/fonts/type1/public/amsfonts/symbols/msbm10.pfb>
Output written on "Homework 7.pdf" (2 pages, 109208 bytes).
SyncTeX written on "Homework 7.synctex.gz"
Transcript written on "Homework 7.log".
Latexmk: Getting log file 'Homework 7.log'
Latexmk: Examining 'Homework 7.fls'
Latexmk: Examining 'Homework 7.log'
Latexmk: Log file says output to 'Homework 7.pdf'
Latexmk: All targets (Homework 7.pdf) are up-to-date
Rc files read:
  NONE
Latexmk: This is Latexmk, John Collins, 17 Mar. 2022. Version 4.77, version: 4.77.
Latexmk: Nothing to do for '/home/dblock/GitHub/School/sem1/math340/Homework/Instructions/Homework 7.tex'.
Latexmk: All targets (Homework 7.pdf) are up-to-date
Rc files read:
  NONE
Latexmk: This is Latexmk, John Collins, 17 Mar. 2022. Version 4.77, version: 4.77.
Latexmk: Nothing to do for '/home/dblock/GitHub/School/sem1/math340/Homework/Instructions/Homework 7.tex'.
Latexmk: All targets (Homework 7.pdf) are up-to-date
Rc files read:
  NONE
Latexmk: This is Latexmk, John Collins, 17 Mar. 2022. Version 4.77, version: 4.77.
Latexmk: Nothing to do for '/home/dblock/GitHub/School/sem1/math340/Homework/Instructions/Homework 7.tex'.
Latexmk: All targets (Homework 7.pdf) are up-to-date
Rc files read:
  NONE
Latexmk: This is Latexmk, John Collins, 17 Mar. 2022. Version 4.77, version: 4.77.
Latexmk: Nothing to do for '/home/dblock/GitHub/School/sem1/math340/Homework/Instructions/Homework 7.tex'.
Latexmk: All targets (Homework 7.pdf) are up-to-date
Rc files read:
  NONE
Latexmk: This is Latexmk, John Collins, 17 Mar. 2022. Version 4.77, version: 4.77.
Latexmk: applying rule 'pdflatex'...
Rule 'pdflatex': The following rules & subrules became out-of-date:
  pdflatex
------------
Run number 1 of rule 'pdflatex'
------------
------------
Running 'pdflatex  -synctex=1 -interaction=nonstopmode -file-line-error -recorder  "/home/dblock/GitHub/School/sem1/math340/Homework/Instructions/Homework 7.tex"'
------------
This is pdfTeX, Version 3.141592653-2.6-1.40.24 (TeX Live 2022/Arch Linux) (preloaded format=pdflatex)
 restricted \write18 enabled.
entering extended mode
(/home/dblock/GitHub/School/sem1/math340/Homework/Instructions/Homework 7.tex
LaTeX2e <2021-11-15> patch level 1
L3 programming layer <2022-04-10> (/usr/share/texmf-dist/tex/latex/base/article.cls
Document Class: article 2021/10/04 v1.4n Standard LaTeX document class
(/usr/share/texmf-dist/tex/latex/base/size10.clo)) (/usr/share/texmf-dist/tex/latex/hyperref/hyperref.sty (/usr/share/texmf-dist/tex/generic/ltxcmds/ltxcmds.sty) (/usr/share/texmf-dist/tex/generic/iftex/iftex.sty) (/usr/share/texmf-dist/tex/generic/pdftexcmds/pdftexcmds.sty (/usr/share/texmf-dist/tex/generic/infwarerr/infwarerr.sty)) (/usr/share/texmf-dist/tex/latex/graphics/keyval.sty) (/usr/share/texmf-dist/tex/generic/kvsetkeys/kvsetkeys.sty) (/usr/share/texmf-dist/tex/generic/kvdefinekeys/kvdefinekeys.sty) (/usr/share/texmf-dist/tex/generic/pdfescape/pdfescape.sty) (/usr/share/texmf-dist/tex/latex/hycolor/hycolor.sty) (/usr/share/texmf-dist/tex/latex/letltxmacro/letltxmacro.sty) (/usr/share/texmf-dist/tex/latex/auxhook/auxhook.sty) (/usr/share/texmf-dist/tex/latex/kvoptions/kvoptions.sty) (/usr/share/texmf-dist/tex/latex/hyperref/pd1enc.def) (/usr/share/texmf-dist/tex/generic/intcalc/intcalc.sty) (/usr/share/texmf-dist/tex/generic/etexcmds/etexcmds.sty) (/usr/share/texmf-dist/tex/latex/hyperref/puenc.def) (/usr/share/texmf-dist/tex/latex/url/url.sty) (/usr/share/texmf-dist/tex/generic/bitset/bitset.sty (/usr/share/texmf-dist/tex/generic/bigintcalc/bigintcalc.sty)) (/usr/share/texmf-dist/tex/latex/base/atbegshi-ltx.sty)) (/usr/share/texmf-dist/tex/latex/hyperref/hpdftex.def (/usr/share/texmf-dist/tex/latex/base/atveryend-ltx.sty) (/usr/share/texmf-dist/tex/latex/rerunfilecheck/rerunfilecheck.sty (/usr/share/texmf-dist/tex/generic/uniquecounter/uniquecounter.sty))) (/usr/share/texmf-dist/tex/latex/amsmath/amsmath.sty
For additional information on amsmath, use the `?' option.
(/usr/share/texmf-dist/tex/latex/amsmath/amstext.sty (/usr/share/texmf-dist/tex/latex/amsmath/amsgen.sty)) (/usr/share/texmf-dist/tex/latex/amsmath/amsbsy.sty) (/usr/share/texmf-dist/tex/latex/amsmath/amsopn.sty)) (/usr/share/texmf-dist/tex/latex/amscls/amsthm.sty) (/usr/share/texmf-dist/tex/latex/amsfonts/amsfonts.sty) (/usr/share/texmf-dist/tex/latex/etoolbox/etoolbox.sty) (/usr/share/texmf-dist/tex/latex/amsmath/amscd.sty) (/usr/share/texmf-dist/tex/latex/base/flafter.sty) (/usr/share/texmf-dist/tex/generic/epsf/epsf.sty
This is `epsf.tex' v2.7.4 <14 February 2011>
) (/usr/share/texmf-dist/tex/latex/amsfonts/amssymb.sty) (/usr/share/texmf-dist/tex/latex/wasysym/wasysym.sty) (/usr/share/texmf-dist/tex/latex/graphics/graphicx.sty (/usr/share/texmf-dist/tex/latex/graphics/graphics.sty (/usr/share/texmf-dist/tex/latex/graphics/trig.sty) (/usr/share/texmf-dist/tex/latex/graphics-cfg/graphics.cfg) (/usr/share/texmf-dist/tex/latex/graphics-def/pdftex.def))) (/usr/share/texmf-dist/tex/latex/paralist/paralist.sty) (/usr/share/texmf-dist/tex/latex/oberdiek/centernot.sty) (/usr/share/texmf-dist/tex/latex/pgf/frontendlayer/tikz.sty (/usr/share/texmf-dist/tex/latex/pgf/basiclayer/pgf.sty (/usr/share/texmf-dist/tex/latex/pgf/utilities/pgfrcs.sty (/usr/share/texmf-dist/tex/generic/pgf/utilities/pgfutil-common.tex (/usr/share/texmf-dist/tex/generic/pgf/utilities/pgfutil-common-lists.tex)) (/usr/share/texmf-dist/tex/generic/pgf/utilities/pgfutil-latex.def) (/usr/share/texmf-dist/tex/generic/pgf/utilities/pgfrcs.code.tex (/usr/share/texmf-dist/tex/generic/pgf/pgf.revision.tex))) (/usr/share/texmf-dist/tex/latex/pgf/basiclayer/pgfcore.sty (/usr/share/texmf-dist/tex/latex/pgf/systemlayer/pgfsys.sty (/usr/share/texmf-dist/tex/generic/pgf/systemlayer/pgfsys.code.tex (/usr/share/texmf-dist/tex/generic/pgf/utilities/pgfkeys.code.tex (/usr/share/texmf-dist/tex/generic/pgf/utilities/pgfkeysfiltered.code.tex)) (/usr/share/texmf-dist/tex/generic/pgf/systemlayer/pgf.cfg) (/usr/share/texmf-dist/tex/generic/pgf/systemlayer/pgfsys-pdftex.def (/usr/share/texmf-dist/tex/generic/pgf/systemlayer/pgfsys-common-pdf.def))) (/usr/share/texmf-dist/tex/generic/pgf/systemlayer/pgfsyssoftpath.code.tex) (/usr/share/texmf-dist/tex/generic/pgf/systemlayer/pgfsysprotocol.code.tex)) (/usr/share/texmf-dist/tex/latex/xcolor/xcolor.sty (/usr/share/texmf-dist/tex/latex/graphics-cfg/color.cfg)) (/usr/share/texmf-dist/tex/generic/pgf/basiclayer/pgfcore.code.tex (/usr/share/texmf-dist/tex/generic/pgf/math/pgfmath.code.tex (/usr/share/texmf-dist/tex/generic/pgf/math/pgfmathcalc.code.tex (/usr/share/texmf-dist/tex/generic/pgf/math/pgfmathutil.code.tex) (/usr/share/texmf-dist/tex/generic/pgf/math/pgfmathparser.code.tex) (/usr/share/texmf-dist/tex/generic/pgf/math/pgfmathfunctions.code.tex (/usr/share/texmf-dist/tex/generic/pgf/math/pgfmathfunctions.basic.code.tex) (/usr/share/texmf-dist/tex/generic/pgf/math/pgfmathfunctions.trigonometric.code.tex) (/usr/share/texmf-dist/tex/generic/pgf/math/pgfmathfunctions.random.code.tex) (/usr/share/texmf-dist/tex/generic/pgf/math/pgfmathfunctions.comparison.code.tex) (/usr/share/texmf-dist/tex/generic/pgf/math/pgfmathfunctions.base.code.tex) (/usr/share/texmf-dist/tex/generic/pgf/math/pgfmathfunctions.round.code.tex) (/usr/share/texmf-dist/tex/generic/pgf/math/pgfmathfunctions.misc.code.tex) (/usr/share/texmf-dist/tex/generic/pgf/math/pgfmathfunctions.integerarithmetics.code.tex))) (/usr/share/texmf-dist/tex/generic/pgf/math/pgfmathfloat.code.tex)) (/usr/share/texmf-dist/tex/generic/pgf/math/pgfint.code.tex) (/usr/share/texmf-dist/tex/generic/pgf/basiclayer/pgfcorepoints.code.tex) (/usr/share/texmf-dist/tex/generic/pgf/basiclayer/pgfcorepathconstruct.code.tex) (/usr/share/texmf-dist/tex/generic/pgf/basiclayer/pgfcorepathusage.code.tex) (/usr/share/texmf-dist/tex/generic/pgf/basiclayer/pgfcorescopes.code.tex) (/usr/share/texmf-dist/tex/generic/pgf/basiclayer/pgfcoregraphicstate.code.tex) (/usr/share/texmf-dist/tex/generic/pgf/basiclayer/pgfcoretransformations.code.tex) (/usr/share/texmf-dist/tex/generic/pgf/basiclayer/pgfcorequick.code.tex) (/usr/share/texmf-dist/tex/generic/pgf/basiclayer/pgfcoreobjects.code.tex) (/usr/share/texmf-dist/tex/generic/pgf/basiclayer/pgfcorepathprocessing.code.tex) (/usr/share/texmf-dist/tex/generic/pgf/basiclayer/pgfcorearrows.code.tex) (/usr/share/texmf-dist/tex/generic/pgf/basiclayer/pgfcoreshade.code.tex) (/usr/share/texmf-dist/tex/generic/pgf/basiclayer/pgfcoreimage.code.tex (/usr/share/texmf-dist/tex/generic/pgf/basiclayer/pgfcoreexternal.code.tex)) (/usr/share/texmf-dist/tex/generic/pgf/basiclayer/pgfcorelayers.code.tex) (/usr/share/texmf-dist/tex/generic/pgf/basiclayer/pgfcoretransparency.code.tex) (/usr/share/texmf-dist/tex/generic/pgf/basiclayer/pgfcorepatterns.code.tex) (/usr/share/texmf-dist/tex/generic/pgf/basiclayer/pgfcorerdf.code.tex))) (/usr/share/texmf-dist/tex/generic/pgf/modules/pgfmoduleshapes.code.tex) (/usr/share/texmf-dist/tex/generic/pgf/modules/pgfmoduleplot.code.tex) (/usr/share/texmf-dist/tex/latex/pgf/compatibility/pgfcomp-version-0-65.sty) (/usr/share/texmf-dist/tex/latex/pgf/compatibility/pgfcomp-version-1-18.sty)) (/usr/share/texmf-dist/tex/latex/pgf/utilities/pgffor.sty (/usr/share/texmf-dist/tex/latex/pgf/utilities/pgfkeys.sty (/usr/share/texmf-dist/tex/generic/pgf/utilities/pgfkeys.code.tex)) (/usr/share/texmf-dist/tex/latex/pgf/math/pgfmath.sty (/usr/share/texmf-dist/tex/generic/pgf/math/pgfmath.code.tex)) (/usr/share/texmf-dist/tex/generic/pgf/utilities/pgffor.code.tex (/usr/share/texmf-dist/tex/generic/pgf/math/pgfmath.code.tex))) (/usr/share/texmf-dist/tex/generic/pgf/frontendlayer/tikz/tikz.code.tex (/usr/share/texmf-dist/tex/generic/pgf/libraries/pgflibraryplothandlers.code.tex) (/usr/share/texmf-dist/tex/generic/pgf/modules/pgfmodulematrix.code.tex) (/usr/share/texmf-dist/tex/generic/pgf/frontendlayer/tikz/libraries/tikzlibrarytopaths.code.tex))) (/usr/share/texmf-dist/tex/latex/l3backend/l3backend-pdftex.def) (./Homework 7.aux) (/usr/share/texmf-dist/tex/latex/hyperref/nameref.sty (/usr/share/texmf-dist/tex/latex/refcount/refcount.sty) (/usr/share/texmf-dist/tex/generic/gettitlestring/gettitlestring.sty)) (./Homework 7.out) (./Homework 7.out) (/usr/share/texmf-dist/tex/context/base/mkii/supp-pdf.mkii
[Loading MPS to PDF converter (version 2006.09.02).]
) (/usr/share/texmf-dist/tex/latex/epstopdf-pkg/epstopdf-base.sty (/usr/share/texmf-dist/tex/latex/latexconfig/epstopdf-sys.cfg)) (/usr/share/texmf-dist/tex/latex/amsfonts/umsa.fd) (/usr/share/texmf-dist/tex/latex/amsfonts/umsb.fd) (/usr/share/texmf-dist/tex/latex/wasysym/uwasy.fd)
Underfull \hbox (badness 10000) in paragraph at lines 85--86


Underfull \hbox (badness 10000) in paragraph at lines 92--93


Underfull \hbox (badness 10000) in paragraph at lines 96--97

[1{/var/lib/texmf/fonts/map/pdftex/updmap/pdftex.map}] [2] (./Homework 7.aux) )
(see the transcript file for additional information)</usr/share/texmf-dist/fonts/type1/public/amsfonts/cm/cmbx10.pfb></usr/share/texmf-dist/fonts/type1/public/amsfonts/cm/cmmi10.pfb></usr/share/texmf-dist/fonts/type1/public/amsfonts/cm/cmmi7.pfb></usr/share/texmf-dist/fonts/type1/public/amsfonts/cm/cmr10.pfb></usr/share/texmf-dist/fonts/type1/public/amsfonts/cm/cmr12.pfb></usr/share/texmf-dist/fonts/type1/public/amsfonts/cm/cmr17.pfb></usr/share/texmf-dist/fonts/type1/public/amsfonts/cm/cmr7.pfb></usr/share/texmf-dist/fonts/type1/public/amsfonts/cm/cmsy10.pfb></usr/share/texmf-dist/fonts/type1/public/amsfonts/cm/cmsy7.pfb></usr/share/texmf-dist/fonts/type1/public/amsfonts/symbols/msbm10.pfb>
Output written on "Homework 7.pdf" (2 pages, 109208 bytes).
SyncTeX written on "Homework 7.synctex.gz"
Transcript written on "Homework 7.log".
Latexmk: Getting log file 'Homework 7.log'
Latexmk: Examining 'Homework 7.fls'
Latexmk: Examining 'Homework 7.log'
Latexmk: Log file says output to 'Homework 7.pdf'
Latexmk: All targets (Homework 7.pdf) are up-to-date
