2022-10-08T19:38:54.112Z - info: [ui] [AppStore] loading 0 repositories from store
2022-10-08T19:38:54.268Z - info: [ui] Opt in reported.
2022-10-08T19:38:54.273Z - info: [ui] [Welcome] no sign in step found. ignoring...
2022-10-08T19:38:54.276Z - info: [ui] launching: 3.0.6-linux1 (Linux 5.19.13-arch1-1)
2022-10-08T19:38:54.283Z - info: [ui] execPath: '/opt/github-desktop/github-desktop'
2022-10-08T19:38:54.334Z - info: [ui] [Welcome] no sign in step found. ignoring...
2022-10-08T19:38:57.404Z - info: [ui] [Welcome] advancing to step: SignInToDotComWithBrowser
2022-10-08T19:38:57.405Z - info: [ui] [SignInStore] initializing OAuth flow
2022-10-08T19:38:57.411Z - info: [main] opening in browser: https://github.com/login/oauth/authorize?client_id=3a723b10ac5575cc5bb9&scope=repo%20user%20workflow&state=0d76359f-cda6-40e6-b4cf-562e23292940
2022-10-08T19:38:57.411Z - info: [ui] [Welcome] current sign in state not found. ignoring...
2022-10-08T19:38:57.516Z - info: [ui] [Welcome] kind Authentication is the same as Authentication. ignoring...
2022-10-08T19:39:40.213Z - info: [ui] [Welcome] kind Authentication is the same as Authentication. ignoring...
2022-10-08T19:41:02.687Z - info: [main] Received possible protocol arguments: 4
2022-10-08T19:41:02.687Z - info: [main] Processing protocol url
2022-10-08T19:41:02.693Z - info: [ui] [Dispatcher] requesting authenticated user
2022-10-08T19:41:02.695Z - info: [ui] [Welcome] kind Authentication is the same as Authentication. ignoring...
2022-10-08T19:41:03.058Z - info: [ui] [SignInStore] account resolved
2022-10-08T19:41:03.059Z - info: [ui] [AppStore] adding account brandondyoon (brandondyoon) to store
2022-10-08T19:41:03.073Z - info: [ui] [Welcome] advancing to step: ConfigureGit
2022-10-08T19:41:03.115Z - info: [ui] [Welcome] no sign in step found. ignoring...
2022-10-08T19:41:03.220Z - info: [ui] [Welcome] no sign in step found. ignoring...
2022-10-08T19:41:10.366Z - info: [ui] [Welcome] no sign in step found. ignoring...
2022-10-08T19:41:10.534Z - info: [ui] [Welcome] no sign in step found. ignoring...
2022-10-08T19:41:10.569Z - info: [ui] [Welcome] no sign in step found. ignoring...
2022-10-08T19:41:10.584Z - info: [ui] Subscribed 'brandondyoon' to Alive channel
2022-10-08T19:41:24.180Z - info: [ui] [AppStore.getAccountForRemoteURL] account found for remote: https://github.com/brandondyoon/CMSC132.git - brandondyoon (has token)
2022-10-08T19:41:25.445Z - info: [ui] Executing clone: git -c credential.helper= -c init.defaultBranch=main clone --recursive --progress -- https://github.com/brandondyoon/CMSC132.git /home/dblock/GitHub/CMSC132 (took 1.262s)
2022-10-08T19:41:25.459Z - info: [ui] [AppStore] adding repository at /home/dblock/GitHub/CMSC132 to store
2022-10-08T19:41:25.891Z - info: [ui] [BranchPruner] No branches to prune.
2022-10-08T19:41:33.821Z - info: [ui] [AppStore.getAccountForRemoteURL] account found for remote: https://github.com/brandondyoon/Personal.git - brandondyoon (has token)
2022-10-08T19:41:35.989Z - info: [ui] Executing clone: git -c credential.helper= -c init.defaultBranch=main clone --recursive --progress -- https://github.com/brandondyoon/Personal.git /home/dblock/GitHub/Personal (took 2.167s)
2022-10-08T19:41:35.997Z - info: [ui] [AppStore] adding repository at /home/dblock/GitHub/Personal to store
2022-10-08T19:41:36.120Z - info: [ui] [BranchPruner] Last prune took place 10 seconds ago - skipping
2022-10-08T19:41:37.787Z - info: [ui] [BranchPruner] Last prune took place 12 seconds ago - skipping
2022-10-08T19:41:39.388Z - info: [ui] [BranchPruner] Last prune took place 3 seconds ago - skipping
2022-10-08T19:41:51.962Z - info: [ui] [AppStore.withAuthenticatingUser] account found for repository: Personal - brandondyoon (has token)
2022-10-08T19:41:53.608Z - info: [ui] [BranchPruner] Last prune took place 28 seconds ago - skipping
2022-10-08T19:41:55.278Z - info: [ui] [AppStore.withAuthenticatingUser] account found for repository: CMSC132 - brandondyoon (has token)
