[17:50:30] Initializing LaTeX Workshop.
[17:50:30] Extension root: /home/dblock/.vscode-oss/extensions/james-yu.latex-workshop-8.29.0-universal
[17:50:30] $PATH: /usr/local/sbin:/usr/local/bin:/usr/bin:/usr/lib/jvm/default/bin:/usr/bin/site_perl:/usr/bin/vendor_perl:/usr/bin/core_perl:/var/lib/snapd/snap/bin:/home/dblock/.emacs.d/bin
[17:50:30] $SHELL: /bin/bash
[17:50:30] $LANG: en_US.UTF-8
[17:50:30] $LC_ALL: undefined
[17:50:30] process.platform: linux
[17:50:30] process.arch: x64
[17:50:30] vscode.env.appName: Code - OSS
[17:50:30] vscode.env.remoteName: undefined
[17:50:30] vscode.env.uiKind: 1
[17:50:30] Configuration for workspace: file:///home/dblock/GitHub/School/sem1/math340/Homework
[17:50:30] editor.acceptSuggestionOnEnter: "on"
[17:50:30] latex-workshop.bind.enter.key: true
[17:50:30] latex-workshop.docker.enabled: false
[17:50:30] latex-workshop.docker.image.latex: ""
[17:50:30] latex-workshop.hover.preview.mathjax.extensions: []
[17:50:30] latex-workshop.intellisense.package.enabled: true
[17:50:30] latex-workshop.intellisense.update.aggressive.enabled: false
[17:50:30] latex-workshop.intellisense.update.delay: 1000
[17:50:30] latex-workshop.latex.autoBuild.run: "onFileChange"
[17:50:30] latex-workshop.latex.build.forceRecipeUsage: true
[17:50:30] latex-workshop.latex.outDir: "%DIR%"
[17:50:30] latex-workshop.latex.recipes: [
 {
  "name": "latexmk 🔃",
  "tools": [
   "latexmk"
  ]
 },
 {
  "name": "latexmk (latexmkrc)",
  "tools": [
   "latexmk_rconly"
  ]
 },
 {
  "name": "latexmk (lualatex)",
  "tools": [
   "lualatexmk"
  ]
 },
 {
  "name": "latexmk (xelatex)",
  "tools": [
   "xelatexmk"
  ]
 },
 {
  "name": "pdflatex ➞ bibtex ➞ pdflatex × 2",
  "tools": [
   "pdflatex",
   "bibtex",
   "pdflatex",
   "pdflatex"
  ]
 },
 {
  "name": "Compile Rnw files",
  "tools": [
   "rnw2tex",
   "latexmk"
  ]
 },
 {
  "name": "Compile Jnw files",
  "tools": [
   "jnw2tex",
   "latexmk"
  ]
 },
 {
  "name": "tectonic",
  "tools": [
   "tectonic"
  ]
 }
]
[17:50:30] latex-workshop.latex.tools: [
 {
  "name": "latexmk",
  "command": "latexmk",
  "args": [
   "-synctex=1",
   "-interaction=nonstopmode",
   "-file-line-error",
   "-pdf",
   "-outdir=%OUTDIR%",
   "%DOC%"
  ],
  "env": {}
 },
 {
  "name": "lualatexmk",
  "command": "latexmk",
  "args": [
   "-synctex=1",
   "-interaction=nonstopmode",
   "-file-line-error",
   "-lualatex",
   "-outdir=%OUTDIR%",
   "%DOC%"
  ],
  "env": {}
 },
 {
  "name": "xelatexmk",
  "command": "latexmk",
  "args": [
   "-synctex=1",
   "-interaction=nonstopmode",
   "-file-line-error",
   "-xelatex",
   "-outdir=%OUTDIR%",
   "%DOC%"
  ],
  "env": {}
 },
 {
  "name": "latexmk_rconly",
  "command": "latexmk",
  "args": [
   "%DOC%"
  ],
  "env": {}
 },
 {
  "name": "pdflatex",
  "command": "pdflatex",
  "args": [
   "-synctex=1",
   "-interaction=nonstopmode",
   "-file-line-error",
   "%DOC%"
  ],
  "env": {}
 },
 {
  "name": "bibtex",
  "command": "bibtex",
  "args": [
   "%DOCFILE%"
  ],
  "env": {}
 },
 {
  "name": "rnw2tex",
  "command": "Rscript",
  "args": [
   "-e",
   "knitr::opts_knit$set(concordance = TRUE); knitr::knit('%DOCFILE_EXT%')"
  ],
  "env": {}
 },
 {
  "name": "jnw2tex",
  "command": "julia",
  "args": [
   "-e",
   "using Weave; weave(\"%DOC_EXT%\", doctype=\"tex\")"
  ],
  "env": {}
 },
 {
  "name": "jnw2texmintex",
  "command": "julia",
  "args": [
   "-e",
   "using Weave; weave(\"%DOC_EXT%\", doctype=\"texminted\")"
  ],
  "env": {}
 },
 {
  "name": "tectonic",
  "command": "tectonic",
  "args": [
   "--synctex",
   "--keep-logs",
   "%DOC%.tex"
  ],
  "env": {}
 }
]
[17:50:30] latex-workshop.viewer.pdf.internal.keyboardEvent: "auto"
[17:50:30] Creating a new file watcher.
[17:50:30] watcherOptions: {"useFsEvents":false,"usePolling":false,"interval":300,"binaryInterval":1000,"awaitWriteFinish":{"stabilityThreshold":250}}
[17:50:30] Creating PDF file watcher.
[17:50:30] watcherOptions: {"useFsEvents":false,"usePolling":false,"interval":300,"binaryInterval":1000,"awaitWriteFinish":{}}
[17:50:30] Creating Bib file watcher.
[17:50:30] watcherOptions: {"useFsEvents":false,"usePolling":false,"interval":300,"binaryInterval":1000,"awaitWriteFinish":{"stabilityThreshold":250}}
[17:50:30] Set $LATEXWORKSHOP_DOCKER_LATEX: ""
[17:50:30] [Server] Creating LaTeX Workshop http and websocket server.
[17:50:30] LaTeX Workshop initialized.
[17:50:30] Trigger characters for intellisense of LaTeX documents: ["\\",",","{"]
[17:50:30] Bibtex format config: {"tab":"  ","case":"lowercase","left":"{","right":"}","trailingComma":false,"sort":["key"],"alignOnEqual":true,"sortFields":false,"fieldsOrder":[],"firstEntries":["string","xdata"]}
[17:50:30] Current workspace folders: ["file:///home/dblock/GitHub/School/sem1/math340/Homework"]
[17:50:30] Found root file from active editor: /home/dblock/GitHub/School/sem1/math340/Homework/Work HW 7.tex
[17:50:30] Root file changed: from undefined to /home/dblock/GitHub/School/sem1/math340/Homework/Work HW 7.tex
[17:50:30] Start to find all dependencies.
[17:50:30] Root file languageId: latex
[17:50:30] [Server] Server successfully started: {"address":"127.0.0.1","family":"IPv4","port":35649}
[17:50:30] Reset file watcher.
[17:50:30] Parsing a file and its subfiles: /home/dblock/GitHub/School/sem1/math340/Homework/Work HW 7.tex
[17:50:30] Parse fls file.
[17:50:30] Fls file found: /home/dblock/GitHub/School/sem1/math340/Homework/Work HW 7.fls
[17:50:30] Parse aux file: /home/dblock/GitHub/School/sem1/math340/Homework/Work HW 7.aux
[17:50:30] Added to file watcher: /home/dblock/GitHub/School/sem1/math340/Homework/Work HW 7.tex
[17:50:30] Added to file watcher: /home/dblock/GitHub/School/sem1/math340/Homework/Work HW 7-figure0.md5
[17:50:31] [Server] valdOrigin is http://127.0.0.1:35649
[17:50:31] Snippet data loaded.
[17:50:31] Checking for duplicate labels: /home/dblock/GitHub/School/sem1/math340/Homework/Work HW 7.tex.
