[2022-10-19T21:50:31.027Z] Log level: Info
[2022-10-19T21:50:31.028Z] [info] Validating found git in: git
[2022-10-19T21:50:31.035Z] [info] Using git 2.38.1 from git
[2022-10-19T21:50:31.045Z] > git rev-parse --show-toplevel [3ms]
[2022-10-19T21:50:31.052Z] > git rev-parse --git-dir --git-common-dir [1ms]
[2022-10-19T21:50:31.055Z] [info] Open repository: /home/dblock/GitHub/School
[2022-10-19T21:50:31.080Z] > git status -z -uall [20ms]
[2022-10-19T21:50:31.085Z] > git rev-parse --show-toplevel [21ms]
[2022-10-19T21:50:31.090Z] > git symbolic-ref --short HEAD [6ms]
[2022-10-19T21:50:31.095Z] > git rev-parse --show-toplevel [5ms]
[2022-10-19T21:50:31.100Z] > git for-each-ref --format=%(refname)%00%(upstream:short)%00%(objectname)%00%(upstream:track)%00%(upstream:remotename)%00%(upstream:remoteref) refs/heads/main refs/remotes/main [6ms]
[2022-10-19T21:50:31.122Z] > git remote --verbose [14ms]
[2022-10-19T21:50:31.123Z] > git for-each-ref --sort -committerdate --format %(refname) %(objectname) %(*objectname) [18ms]
[2022-10-19T21:50:31.131Z] > git rev-parse --show-toplevel [31ms]
[2022-10-19T21:50:31.152Z] > git config --get commit.template [9ms]
[2022-10-19T21:50:31.159Z] > git rev-parse --show-toplevel [22ms]
[2022-10-19T21:50:31.334Z] > git status -z -uall [176ms]
[2022-10-19T21:50:31.340Z] > git rev-parse --show-toplevel [177ms]
[2022-10-19T21:50:31.346Z] > git rev-parse --show-toplevel [2ms]
[2022-10-19T21:50:31.351Z] > git symbolic-ref --short HEAD [12ms]
[2022-10-19T21:50:31.358Z] > git rev-parse --show-toplevel [7ms]
[2022-10-19T21:50:31.364Z] > git for-each-ref --format=%(refname)%00%(upstream:short)%00%(objectname)%00%(upstream:track)%00%(upstream:remotename)%00%(upstream:remoteref) refs/heads/main refs/remotes/main [8ms]
[2022-10-19T21:50:31.374Z] > git for-each-ref --sort -committerdate --format %(refname) %(objectname) %(*objectname) [6ms]
[2022-10-19T21:50:31.374Z] > git rev-parse --show-toplevel [11ms]
[2022-10-19T21:50:31.380Z] > git remote --verbose [8ms]
[2022-10-19T21:50:31.389Z] > git rev-parse --show-toplevel [10ms]
[2022-10-19T21:50:31.396Z] > git config --get commit.template [7ms]
[2022-10-19T21:50:31.397Z] > git rev-parse --show-toplevel [4ms]
[2022-10-19T21:50:31.413Z] > git show --textconv :sem1/math340/Homework/Work HW 7.tex [5ms]
[2022-10-19T21:50:31.413Z] > git ls-files --stage -- /home/dblock/GitHub/School/sem1/math340/Homework/Work HW 7.tex [1ms]
[2022-10-19T21:50:31.428Z] > git cat-file -s 08ac82807e7c3772f5626fe00eef24b126b9e721 [10ms]
