[2022-10-19T21:29:04.109Z] Log level: Info
[2022-10-19T21:29:04.110Z] [info] Validating found git in: git
[2022-10-19T21:29:04.118Z] [info] Using git 2.38.1 from git
[2022-10-19T21:29:04.127Z] > git rev-parse --show-toplevel [3ms]
[2022-10-19T21:29:04.133Z] > git rev-parse --git-dir --git-common-dir [3ms]
[2022-10-19T21:29:04.136Z] [info] Open repository: /home/dblock/GitHub/School
[2022-10-19T21:29:04.150Z] > git status -z -uall [10ms]
[2022-10-19T21:29:04.154Z] > git rev-parse --show-toplevel [11ms]
[2022-10-19T21:29:04.169Z] > git symbolic-ref --short HEAD [16ms]
[2022-10-19T21:29:04.174Z] > git rev-parse --show-toplevel [17ms]
[2022-10-19T21:29:04.178Z] > git for-each-ref --format=%(refname)%00%(upstream:short)%00%(objectname)%00%(upstream:track)%00%(upstream:remotename)%00%(upstream:remoteref) refs/heads/main refs/remotes/main [5ms]
[2022-10-19T21:29:04.185Z] > git remote --verbose [1ms]
[2022-10-19T21:29:04.185Z] > git for-each-ref --sort -committerdate --format %(refname) %(objectname) %(*objectname) [3ms]
[2022-10-19T21:29:04.191Z] > git rev-parse --show-toplevel [13ms]
[2022-10-19T21:29:04.207Z] > git config --get commit.template [10ms]
[2022-10-19T21:29:04.213Z] > git rev-parse --show-toplevel [19ms]
[2022-10-19T21:29:04.220Z] > git status -z -uall [7ms]
[2022-10-19T21:29:04.225Z] > git rev-parse --show-toplevel [8ms]
[2022-10-19T21:29:04.230Z] > git symbolic-ref --short HEAD [6ms]
[2022-10-19T21:29:04.254Z] > git for-each-ref --format=%(refname)%00%(upstream:short)%00%(objectname)%00%(upstream:track)%00%(upstream:remotename)%00%(upstream:remoteref) refs/heads/main refs/remotes/main [20ms]
[2022-10-19T21:29:04.259Z] > git rev-parse --show-toplevel [30ms]
[2022-10-19T21:29:04.263Z] > git remote --verbose [4ms]
[2022-10-19T21:29:04.263Z] > git for-each-ref --sort -committerdate --format %(refname) %(objectname) %(*objectname) [6ms]
[2022-10-19T21:29:04.272Z] > git rev-parse --show-toplevel [10ms]
[2022-10-19T21:29:04.276Z] > git config --get commit.template [5ms]
[2022-10-19T21:29:04.277Z] > git rev-parse --show-toplevel [1ms]
[2022-10-19T21:29:05.467Z] > git check-ignore -v -z --stdin [1ms]
[2022-10-19T21:29:09.645Z] > git status -z -uall [3ms]
[2022-10-19T21:29:09.654Z] > git symbolic-ref --short HEAD [1ms]
[2022-10-19T21:29:09.666Z] > git for-each-ref --format=%(refname)%00%(upstream:short)%00%(objectname)%00%(upstream:track)%00%(upstream:remotename)%00%(upstream:remoteref) refs/heads/main refs/remotes/main [6ms]
[2022-10-19T21:29:09.679Z] > git for-each-ref --sort -committerdate --format %(refname) %(objectname) %(*objectname) [8ms]
[2022-10-19T21:29:09.686Z] > git remote --verbose [8ms]
[2022-10-19T21:29:09.699Z] > git config --get commit.template [1ms]
[2022-10-19T21:29:10.048Z] > git show --textconv :sem1/math340/Homework/Work HW 7.tex [5ms]
[2022-10-19T21:29:10.049Z] > git ls-files --stage -- /home/dblock/GitHub/School/sem1/math340/Homework/Work HW 7.tex [1ms]
[2022-10-19T21:29:10.054Z] > git cat-file -s 08ac82807e7c3772f5626fe00eef24b126b9e721 [1ms]
[2022-10-19T21:29:12.429Z] > git check-ignore -v -z --stdin [1ms]
[2022-10-19T21:29:14.708Z] > git status -z -uall [3ms]
[2022-10-19T21:29:14.714Z] > git symbolic-ref --short HEAD [1ms]
[2022-10-19T21:29:14.719Z] > git for-each-ref --format=%(refname)%00%(upstream:short)%00%(objectname)%00%(upstream:track)%00%(upstream:remotename)%00%(upstream:remoteref) refs/heads/main refs/remotes/main [0ms]
[2022-10-19T21:29:14.730Z] > git for-each-ref --sort -committerdate --format %(refname) %(objectname) %(*objectname) [4ms]
[2022-10-19T21:29:14.730Z] > git remote --verbose [1ms]
[2022-10-19T21:29:14.738Z] > git config --get commit.template [1ms]
[2022-10-19T21:29:37.264Z] > git check-ignore -v -z --stdin [1ms]
[2022-10-19T21:29:38.066Z] > git ls-files --stage -- /home/dblock/GitHub/School/sem1/math340/Homework/auto/Work HW 7.el [1ms]
[2022-10-19T21:29:38.071Z] > git show --textconv :sem1/math340/Homework/auto/Work HW 7.el [10ms]
[2022-10-19T21:29:38.071Z] > git cat-file -s 3dacecc9ddc78ec276125e4dec9c4302f9c2ece2 [1ms]
[2022-10-19T21:29:45.211Z] > git check-ignore -v -z --stdin [1ms]
[2022-10-19T21:29:51.282Z] > git check-ignore -v -z --stdin [1ms]
[2022-10-19T21:29:56.975Z] > git check-ignore -v -z --stdin [1ms]
[2022-10-19T21:29:57.940Z] > git check-ignore -v -z --stdin [1ms]
[2022-10-19T21:30:01.488Z] > git show --textconv :sem1/math340/Homework/_region_.tex [4ms]
[2022-10-19T21:30:01.488Z] > git ls-files --stage -- /home/dblock/GitHub/School/sem1/math340/Homework/_region_.tex [0ms]
[2022-10-19T21:30:01.493Z] > git cat-file -s 4aab42cec5b571d367cf4023d381b730e5255f11 [0ms]
[2022-10-19T21:30:02.121Z] > git show --textconv :sem1/math340/Homework/prv_Work_HW_7.auxlock [3ms]
[2022-10-19T21:30:02.121Z] > git ls-files --stage -- /home/dblock/GitHub/School/sem1/math340/Homework/prv_Work_HW_7.auxlock [1ms]
[2022-10-19T21:30:02.125Z] > git cat-file -s e69de29bb2d1d6434b8b29ae775ad8c2e48c5391 [1ms]
[2022-10-19T21:30:04.190Z] > git show --textconv :sem1/math340/Homework/Work HW 7.tex [5ms]
[2022-10-19T21:30:04.191Z] > git ls-files --stage -- /home/dblock/GitHub/School/sem1/math340/Homework/Work HW 7.tex [2ms]
[2022-10-19T21:30:04.197Z] > git cat-file -s 08ac82807e7c3772f5626fe00eef24b126b9e721 [1ms]
[2022-10-19T21:33:47.454Z] > git status -z -uall [2ms]
[2022-10-19T21:33:47.458Z] > git symbolic-ref --short HEAD [1ms]
[2022-10-19T21:33:47.461Z] > git for-each-ref --format=%(refname)%00%(upstream:short)%00%(objectname)%00%(upstream:track)%00%(upstream:remotename)%00%(upstream:remoteref) refs/heads/main refs/remotes/main [1ms]
[2022-10-19T21:33:47.467Z] > git for-each-ref --sort -committerdate --format %(refname) %(objectname) %(*objectname) [4ms]
[2022-10-19T21:33:47.467Z] > git remote --verbose [1ms]
[2022-10-19T21:33:47.477Z] > git config --get commit.template [2ms]
[2022-10-19T21:33:52.484Z] > git status -z -uall [2ms]
[2022-10-19T21:33:52.487Z] > git symbolic-ref --short HEAD [0ms]
[2022-10-19T21:33:52.493Z] > git for-each-ref --format=%(refname)%00%(upstream:short)%00%(objectname)%00%(upstream:track)%00%(upstream:remotename)%00%(upstream:remoteref) refs/heads/main refs/remotes/main [0ms]
[2022-10-19T21:33:52.502Z] > git for-each-ref --sort -committerdate --format %(refname) %(objectname) %(*objectname) [4ms]
[2022-10-19T21:33:52.503Z] > git remote --verbose [1ms]
[2022-10-19T21:33:52.510Z] > git config --get commit.template [1ms]
[2022-10-19T21:34:27.108Z] > git status -z -uall [2ms]
[2022-10-19T21:34:27.114Z] > git symbolic-ref --short HEAD [0ms]
[2022-10-19T21:34:27.120Z] > git for-each-ref --format=%(refname)%00%(upstream:short)%00%(objectname)%00%(upstream:track)%00%(upstream:remotename)%00%(upstream:remoteref) refs/heads/main refs/remotes/main [0ms]
[2022-10-19T21:34:27.130Z] > git for-each-ref --sort -committerdate --format %(refname) %(objectname) %(*objectname) [5ms]
[2022-10-19T21:34:27.130Z] > git remote --verbose [0ms]
[2022-10-19T21:34:27.137Z] > git config --get commit.template [0ms]
[2022-10-19T21:37:57.694Z] > git check-ignore -v -z --stdin [2ms]
[2022-10-19T21:37:59.005Z] > git status -z -uall [2ms]
[2022-10-19T21:37:59.011Z] > git symbolic-ref --short HEAD [0ms]
[2022-10-19T21:37:59.017Z] > git for-each-ref --format=%(refname)%00%(upstream:short)%00%(objectname)%00%(upstream:track)%00%(upstream:remotename)%00%(upstream:remoteref) refs/heads/main refs/remotes/main [0ms]
[2022-10-19T21:37:59.028Z] > git remote --verbose [1ms]
[2022-10-19T21:37:59.028Z] > git for-each-ref --sort -committerdate --format %(refname) %(objectname) %(*objectname) [6ms]
[2022-10-19T21:37:59.040Z] > git config --get commit.template [1ms]
[2022-10-19T21:38:04.050Z] > git status -z -uall [2ms]
[2022-10-19T21:38:04.060Z] > git symbolic-ref --short HEAD [1ms]
[2022-10-19T21:38:04.069Z] > git for-each-ref --format=%(refname)%00%(upstream:short)%00%(objectname)%00%(upstream:track)%00%(upstream:remotename)%00%(upstream:remoteref) refs/heads/main refs/remotes/main [0ms]
[2022-10-19T21:38:04.086Z] > git remote --verbose [1ms]
[2022-10-19T21:38:04.086Z] > git for-each-ref --sort -committerdate --format %(refname) %(objectname) %(*objectname) [9ms]
[2022-10-19T21:38:04.101Z] > git config --get commit.template [2ms]
[2022-10-19T21:38:58.890Z] > git status -z -uall [3ms]
[2022-10-19T21:38:58.896Z] > git symbolic-ref --short HEAD [0ms]
[2022-10-19T21:38:58.901Z] > git for-each-ref --format=%(refname)%00%(upstream:short)%00%(objectname)%00%(upstream:track)%00%(upstream:remotename)%00%(upstream:remoteref) refs/heads/main refs/remotes/main [1ms]
[2022-10-19T21:38:58.909Z] > git for-each-ref --sort -committerdate --format %(refname) %(objectname) %(*objectname) [4ms]
[2022-10-19T21:38:58.910Z] > git remote --verbose [1ms]
[2022-10-19T21:38:58.917Z] > git config --get commit.template [1ms]
[2022-10-19T21:42:23.604Z] > git status -z -uall [2ms]
[2022-10-19T21:42:23.610Z] > git symbolic-ref --short HEAD [1ms]
[2022-10-19T21:42:23.616Z] > git for-each-ref --format=%(refname)%00%(upstream:short)%00%(objectname)%00%(upstream:track)%00%(upstream:remotename)%00%(upstream:remoteref) refs/heads/main refs/remotes/main [1ms]
[2022-10-19T21:42:23.623Z] > git for-each-ref --sort -committerdate --format %(refname) %(objectname) %(*objectname) [3ms]
[2022-10-19T21:42:23.624Z] > git remote --verbose [1ms]
[2022-10-19T21:42:23.630Z] > git config --get commit.template [1ms]
[2022-10-19T21:42:56.757Z] > git status -z -uall [2ms]
[2022-10-19T21:42:56.764Z] > git symbolic-ref --short HEAD [1ms]
[2022-10-19T21:42:56.770Z] > git for-each-ref --format=%(refname)%00%(upstream:short)%00%(objectname)%00%(upstream:track)%00%(upstream:remotename)%00%(upstream:remoteref) refs/heads/main refs/remotes/main [1ms]
[2022-10-19T21:42:56.780Z] > git remote --verbose [1ms]
[2022-10-19T21:42:56.780Z] > git for-each-ref --sort -committerdate --format %(refname) %(objectname) %(*objectname) [6ms]
[2022-10-19T21:42:56.793Z] > git config --get commit.template [3ms]
[2022-10-19T21:42:56.810Z] > git check-ignore -v -z --stdin [1ms]
[2022-10-19T21:43:01.801Z] > git status -z -uall [2ms]
[2022-10-19T21:43:01.805Z] > git symbolic-ref --short HEAD [1ms]
[2022-10-19T21:43:01.810Z] > git for-each-ref --format=%(refname)%00%(upstream:short)%00%(objectname)%00%(upstream:track)%00%(upstream:remotename)%00%(upstream:remoteref) refs/heads/main refs/remotes/main [1ms]
[2022-10-19T21:43:01.816Z] > git remote --verbose [1ms]
[2022-10-19T21:43:01.816Z] > git for-each-ref --sort -committerdate --format %(refname) %(objectname) %(*objectname) [3ms]
[2022-10-19T21:43:01.828Z] > git config --get commit.template [1ms]
[2022-10-19T21:43:06.835Z] > git status -z -uall [2ms]
[2022-10-19T21:43:06.840Z] > git symbolic-ref --short HEAD [0ms]
[2022-10-19T21:43:06.846Z] > git for-each-ref --format=%(refname)%00%(upstream:short)%00%(objectname)%00%(upstream:track)%00%(upstream:remotename)%00%(upstream:remoteref) refs/heads/main refs/remotes/main [1ms]
[2022-10-19T21:43:06.855Z] > git for-each-ref --sort -committerdate --format %(refname) %(objectname) %(*objectname) [4ms]
[2022-10-19T21:43:06.855Z] > git remote --verbose [0ms]
[2022-10-19T21:43:06.863Z] > git config --get commit.template [2ms]
[2022-10-19T21:44:32.645Z] > git status -z -uall [2ms]
[2022-10-19T21:44:32.651Z] > git symbolic-ref --short HEAD [1ms]
[2022-10-19T21:44:32.656Z] > git for-each-ref --format=%(refname)%00%(upstream:short)%00%(objectname)%00%(upstream:track)%00%(upstream:remotename)%00%(upstream:remoteref) refs/heads/main refs/remotes/main [1ms]
[2022-10-19T21:44:32.664Z] > git for-each-ref --sort -committerdate --format %(refname) %(objectname) %(*objectname) [4ms]
[2022-10-19T21:44:32.664Z] > git remote --verbose [1ms]
[2022-10-19T21:44:32.671Z] > git config --get commit.template [0ms]
[2022-10-19T21:45:28.940Z] > git status -z -uall [3ms]
[2022-10-19T21:45:28.946Z] > git symbolic-ref --short HEAD [1ms]
[2022-10-19T21:45:28.951Z] > git for-each-ref --format=%(refname)%00%(upstream:short)%00%(objectname)%00%(upstream:track)%00%(upstream:remotename)%00%(upstream:remoteref) refs/heads/main refs/remotes/main [1ms]
[2022-10-19T21:45:28.961Z] > git remote --verbose [1ms]
[2022-10-19T21:45:28.961Z] > git for-each-ref --sort -committerdate --format %(refname) %(objectname) %(*objectname) [6ms]
[2022-10-19T21:45:28.974Z] > git config --get commit.template [3ms]
[2022-10-19T21:46:26.963Z] > git status -z -uall [2ms]
[2022-10-19T21:46:26.967Z] > git symbolic-ref --short HEAD [0ms]
[2022-10-19T21:46:26.972Z] > git for-each-ref --format=%(refname)%00%(upstream:short)%00%(objectname)%00%(upstream:track)%00%(upstream:remotename)%00%(upstream:remoteref) refs/heads/main refs/remotes/main [0ms]
[2022-10-19T21:46:26.981Z] > git for-each-ref --sort -committerdate --format %(refname) %(objectname) %(*objectname) [4ms]
[2022-10-19T21:46:26.981Z] > git remote --verbose [1ms]
[2022-10-19T21:46:26.988Z] > git config --get commit.template [0ms]
[2022-10-19T21:46:54.251Z] > git status -z -uall [3ms]
[2022-10-19T21:46:54.256Z] > git symbolic-ref --short HEAD [0ms]
[2022-10-19T21:46:54.261Z] > git for-each-ref --format=%(refname)%00%(upstream:short)%00%(objectname)%00%(upstream:track)%00%(upstream:remotename)%00%(upstream:remoteref) refs/heads/main refs/remotes/main [1ms]
[2022-10-19T21:46:54.269Z] > git for-each-ref --sort -committerdate --format %(refname) %(objectname) %(*objectname) [4ms]
[2022-10-19T21:46:54.270Z] > git remote --verbose [1ms]
[2022-10-19T21:46:54.277Z] > git config --get commit.template [1ms]
[2022-10-19T21:47:01.875Z] > git status -z -uall [2ms]
[2022-10-19T21:47:01.881Z] > git symbolic-ref --short HEAD [1ms]
[2022-10-19T21:47:01.887Z] > git for-each-ref --format=%(refname)%00%(upstream:short)%00%(objectname)%00%(upstream:track)%00%(upstream:remotename)%00%(upstream:remoteref) refs/heads/main refs/remotes/main [1ms]
[2022-10-19T21:47:01.896Z] > git remote --verbose [1ms]
[2022-10-19T21:47:01.896Z] > git for-each-ref --sort -committerdate --format %(refname) %(objectname) %(*objectname) [5ms]
[2022-10-19T21:47:01.908Z] > git config --get commit.template [2ms]
[2022-10-19T21:47:06.917Z] > git status -z -uall [3ms]
[2022-10-19T21:47:06.923Z] > git symbolic-ref --short HEAD [0ms]
[2022-10-19T21:47:06.930Z] > git for-each-ref --format=%(refname)%00%(upstream:short)%00%(objectname)%00%(upstream:track)%00%(upstream:remotename)%00%(upstream:remoteref) refs/heads/main refs/remotes/main [1ms]
[2022-10-19T21:47:06.939Z] > git for-each-ref --sort -committerdate --format %(refname) %(objectname) %(*objectname) [5ms]
[2022-10-19T21:47:06.939Z] > git remote --verbose [1ms]
[2022-10-19T21:47:06.950Z] > git config --get commit.template [1ms]
[2022-10-19T21:47:11.958Z] > git status -z -uall [2ms]
[2022-10-19T21:47:11.964Z] > git symbolic-ref --short HEAD [1ms]
[2022-10-19T21:47:11.969Z] > git for-each-ref --format=%(refname)%00%(upstream:short)%00%(objectname)%00%(upstream:track)%00%(upstream:remotename)%00%(upstream:remoteref) refs/heads/main refs/remotes/main [0ms]
[2022-10-19T21:47:11.980Z] > git remote --verbose [0ms]
[2022-10-19T21:47:11.980Z] > git for-each-ref --sort -committerdate --format %(refname) %(objectname) %(*objectname) [5ms]
[2022-10-19T21:47:11.990Z] > git config --get commit.template [0ms]
[2022-10-19T21:49:25.822Z] > git status -z -uall [2ms]
[2022-10-19T21:49:25.826Z] > git symbolic-ref --short HEAD [0ms]
[2022-10-19T21:49:25.831Z] > git for-each-ref --format=%(refname)%00%(upstream:short)%00%(objectname)%00%(upstream:track)%00%(upstream:remotename)%00%(upstream:remoteref) refs/heads/main refs/remotes/main [1ms]
[2022-10-19T21:49:25.839Z] > git for-each-ref --sort -committerdate --format %(refname) %(objectname) %(*objectname) [5ms]
[2022-10-19T21:49:25.839Z] > git remote --verbose [1ms]
[2022-10-19T21:49:25.846Z] > git config --get commit.template [0ms]
[2022-10-19T21:50:01.717Z] > git status -z -uall [3ms]
[2022-10-19T21:50:01.722Z] > git symbolic-ref --short HEAD [1ms]
[2022-10-19T21:50:01.726Z] > git for-each-ref --format=%(refname)%00%(upstream:short)%00%(objectname)%00%(upstream:track)%00%(upstream:remotename)%00%(upstream:remoteref) refs/heads/main refs/remotes/main [1ms]
[2022-10-19T21:50:01.732Z] > git for-each-ref --sort -committerdate --format %(refname) %(objectname) %(*objectname) [3ms]
[2022-10-19T21:50:01.732Z] > git remote --verbose [1ms]
[2022-10-19T21:50:01.740Z] > git config --get commit.template [2ms]
[2022-10-19T21:50:07.268Z] > git status -z -uall [2ms]
[2022-10-19T21:50:07.272Z] > git symbolic-ref --short HEAD [1ms]
[2022-10-19T21:50:07.275Z] > git for-each-ref --format=%(refname)%00%(upstream:short)%00%(objectname)%00%(upstream:track)%00%(upstream:remotename)%00%(upstream:remoteref) refs/heads/main refs/remotes/main [1ms]
[2022-10-19T21:50:07.279Z] > git for-each-ref --sort -committerdate --format %(refname) %(objectname) %(*objectname) [2ms]
[2022-10-19T21:50:07.279Z] > git remote --verbose [0ms]
[2022-10-19T21:50:07.288Z] > git config --get commit.template [2ms]
