[2022-10-08 04:58:15.590] [error] TypeError: Object has been destroyed
    at WindowMain.<anonymous> (/usr/lib/bitwarden/app.asar/main.js:49157:36)
    at Generator.next (<anonymous>)
    at /usr/lib/bitwarden/app.asar/main.js:48971:71
    at new Promise (<anonymous>)
    at window_main_awaiter (/usr/lib/bitwarden/app.asar/main.js:48967:12)
    at WindowMain.updateWindowState (/usr/lib/bitwarden/app.asar/main.js:49152:16)
    at WindowMain.<anonymous> (/usr/lib/bitwarden/app.asar/main.js:49106:28)
    at Generator.next (<anonymous>)
    at /usr/lib/bitwarden/app.asar/main.js:48971:71
    at new Promise (<anonymous>)
[2022-10-08 21:35:10.407] [error] TypeError: Object has been destroyed
    at WindowMain.<anonymous> (/usr/lib/bitwarden/app.asar/main.js:49157:36)
    at Generator.next (<anonymous>)
    at /usr/lib/bitwarden/app.asar/main.js:48971:71
    at new Promise (<anonymous>)
    at window_main_awaiter (/usr/lib/bitwarden/app.asar/main.js:48967:12)
    at WindowMain.updateWindowState (/usr/lib/bitwarden/app.asar/main.js:49152:16)
    at WindowMain.<anonymous> (/usr/lib/bitwarden/app.asar/main.js:49106:28)
    at Generator.next (<anonymous>)
    at /usr/lib/bitwarden/app.asar/main.js:48971:71
    at new Promise (<anonymous>)
[2022-10-08 22:13:01.367] [error] TypeError: Object has been destroyed
    at WindowMain.<anonymous> (/usr/lib/bitwarden/app.asar/main.js:49157:36)
    at Generator.next (<anonymous>)
    at /usr/lib/bitwarden/app.asar/main.js:48971:71
    at new Promise (<anonymous>)
    at window_main_awaiter (/usr/lib/bitwarden/app.asar/main.js:48967:12)
    at WindowMain.updateWindowState (/usr/lib/bitwarden/app.asar/main.js:49152:16)
    at WindowMain.<anonymous> (/usr/lib/bitwarden/app.asar/main.js:49106:28)
    at Generator.next (<anonymous>)
    at /usr/lib/bitwarden/app.asar/main.js:48971:71
    at new Promise (<anonymous>)
[2022-10-10 10:48:50.591] [error] TypeError: Object has been destroyed
    at WindowMain.<anonymous> (/usr/lib/bitwarden/app.asar/main.js:49157:36)
    at Generator.next (<anonymous>)
    at /usr/lib/bitwarden/app.asar/main.js:48971:71
    at new Promise (<anonymous>)
    at window_main_awaiter (/usr/lib/bitwarden/app.asar/main.js:48967:12)
    at WindowMain.updateWindowState (/usr/lib/bitwarden/app.asar/main.js:49152:16)
    at WindowMain.<anonymous> (/usr/lib/bitwarden/app.asar/main.js:49106:28)
    at Generator.next (<anonymous>)
    at /usr/lib/bitwarden/app.asar/main.js:48971:71
    at new Promise (<anonymous>)
[2022-10-11 20:31:03.732] [error] TypeError: Object has been destroyed
    at WindowMain.<anonymous> (/usr/lib/bitwarden/app.asar/main.js:49157:36)
    at Generator.next (<anonymous>)
    at /usr/lib/bitwarden/app.asar/main.js:48971:71
    at new Promise (<anonymous>)
    at window_main_awaiter (/usr/lib/bitwarden/app.asar/main.js:48967:12)
    at WindowMain.updateWindowState (/usr/lib/bitwarden/app.asar/main.js:49152:16)
    at WindowMain.<anonymous> (/usr/lib/bitwarden/app.asar/main.js:49106:28)
    at Generator.next (<anonymous>)
    at /usr/lib/bitwarden/app.asar/main.js:48971:71
    at new Promise (<anonymous>)
[2022-10-11 20:53:44.728] [error] TypeError: Object has been destroyed
    at WindowMain.<anonymous> (/usr/lib/bitwarden/app.asar/main.js:49157:36)
    at Generator.next (<anonymous>)
    at /usr/lib/bitwarden/app.asar/main.js:48971:71
    at new Promise (<anonymous>)
    at window_main_awaiter (/usr/lib/bitwarden/app.asar/main.js:48967:12)
    at WindowMain.updateWindowState (/usr/lib/bitwarden/app.asar/main.js:49152:16)
    at WindowMain.<anonymous> (/usr/lib/bitwarden/app.asar/main.js:49106:28)
    at Generator.next (<anonymous>)
    at /usr/lib/bitwarden/app.asar/main.js:48971:71
    at new Promise (<anonymous>)
[2022-10-14 21:31:22.367] [error] TypeError: Object has been destroyed
    at WindowMain.<anonymous> (/usr/lib/bitwarden/app.asar/main.js:49157:36)
    at Generator.next (<anonymous>)
    at /usr/lib/bitwarden/app.asar/main.js:48971:71
    at new Promise (<anonymous>)
    at window_main_awaiter (/usr/lib/bitwarden/app.asar/main.js:48967:12)
    at WindowMain.updateWindowState (/usr/lib/bitwarden/app.asar/main.js:49152:16)
    at WindowMain.<anonymous> (/usr/lib/bitwarden/app.asar/main.js:49106:28)
    at Generator.next (<anonymous>)
    at /usr/lib/bitwarden/app.asar/main.js:48971:71
    at new Promise (<anonymous>)
[2022-10-15 17:59:21.358] [error] TypeError: Object has been destroyed
    at WindowMain.<anonymous> (/usr/lib/bitwarden/app.asar/main.js:49157:36)
    at Generator.next (<anonymous>)
    at /usr/lib/bitwarden/app.asar/main.js:48971:71
    at new Promise (<anonymous>)
    at window_main_awaiter (/usr/lib/bitwarden/app.asar/main.js:48967:12)
    at WindowMain.updateWindowState (/usr/lib/bitwarden/app.asar/main.js:49152:16)
    at WindowMain.<anonymous> (/usr/lib/bitwarden/app.asar/main.js:49106:28)
    at Generator.next (<anonymous>)
    at /usr/lib/bitwarden/app.asar/main.js:48971:71
    at new Promise (<anonymous>)
[2022-10-19 02:12:12.547] [error] TypeError: Object has been destroyed
    at WindowMain.<anonymous> (/usr/lib/bitwarden/app.asar/main.js:49157:36)
    at Generator.next (<anonymous>)
    at /usr/lib/bitwarden/app.asar/main.js:48971:71
    at new Promise (<anonymous>)
    at window_main_awaiter (/usr/lib/bitwarden/app.asar/main.js:48967:12)
    at WindowMain.updateWindowState (/usr/lib/bitwarden/app.asar/main.js:49152:16)
    at WindowMain.<anonymous> (/usr/lib/bitwarden/app.asar/main.js:49106:28)
    at Generator.next (<anonymous>)
    at /usr/lib/bitwarden/app.asar/main.js:48971:71
    at new Promise (<anonymous>)
[2022-10-19 02:14:58.959] [error] TypeError: Object has been destroyed
    at WindowMain.<anonymous> (/usr/lib/bitwarden/app.asar/main.js:49157:36)
    at Generator.next (<anonymous>)
    at /usr/lib/bitwarden/app.asar/main.js:48971:71
    at new Promise (<anonymous>)
    at window_main_awaiter (/usr/lib/bitwarden/app.asar/main.js:48967:12)
    at WindowMain.updateWindowState (/usr/lib/bitwarden/app.asar/main.js:49152:16)
    at WindowMain.<anonymous> (/usr/lib/bitwarden/app.asar/main.js:49106:28)
    at Generator.next (<anonymous>)
    at /usr/lib/bitwarden/app.asar/main.js:48971:71
    at new Promise (<anonymous>)
[2022-10-19 02:16:40.710] [error] TypeError: Object has been destroyed
    at WindowMain.<anonymous> (/usr/lib/bitwarden/app.asar/main.js:49157:36)
    at Generator.next (<anonymous>)
    at /usr/lib/bitwarden/app.asar/main.js:48971:71
    at new Promise (<anonymous>)
    at window_main_awaiter (/usr/lib/bitwarden/app.asar/main.js:48967:12)
    at WindowMain.updateWindowState (/usr/lib/bitwarden/app.asar/main.js:49152:16)
    at WindowMain.<anonymous> (/usr/lib/bitwarden/app.asar/main.js:49106:28)
    at Generator.next (<anonymous>)
    at /usr/lib/bitwarden/app.asar/main.js:48971:71
    at new Promise (<anonymous>)
[2022-10-19 19:40:45.349] [error] TypeError: Object has been destroyed
    at WindowMain.<anonymous> (/usr/lib/bitwarden/app.asar/main.js:49340:36)
    at Generator.next (<anonymous>)
    at /usr/lib/bitwarden/app.asar/main.js:49154:71
    at new Promise (<anonymous>)
    at window_main_awaiter (/usr/lib/bitwarden/app.asar/main.js:49150:12)
    at WindowMain.updateWindowState (/usr/lib/bitwarden/app.asar/main.js:49335:16)
    at WindowMain.<anonymous> (/usr/lib/bitwarden/app.asar/main.js:49289:28)
    at Generator.next (<anonymous>)
    at /usr/lib/bitwarden/app.asar/main.js:49154:71
    at new Promise (<anonymous>)
